<?xml version="1.0" encoding="UTF-8"?>
<!-- Generated by org.testng.reporters.JUnitReportReporter -->
<testsuite hostname="DESKTOP-LQEM3VC" failures="0" tests="1" name="ebrahim.hossain.sqa.In_Operator" time="0.304" errors="0" timestamp="2024-05-03T22:21:33 EDT" skipped="0">
  <testcase classname="ebrahim.hossain.sqa.In_Operator" name="inOperatorExample" time="0.304"/>
</testsuite> <!-- ebrahim.hossain.sqa.In_Operator -->
