<?xml version="1.0" encoding="UTF-8"?>
<!-- Generated by org.testng.reporters.JUnitReportReporter -->
<testsuite hostname="DESKTOP-LQEM3VC" failures="0" tests="1" name="ebrahim.hossain.sqa.MIN_Function" time="0.682" errors="0" timestamp="2024-05-02T23:56:12 EDT" skipped="0">
  <testcase classname="ebrahim.hossain.sqa.MIN_Function" name="max" time="0.682"/>
</testsuite> <!-- ebrahim.hossain.sqa.MIN_Function -->
