<?xml version="1.0" encoding="UTF-8"?>
<!-- Generated by org.testng.reporters.JUnitReportReporter -->
<testsuite hostname="DESKTOP-LQEM3VC" failures="0" tests="1" name="ebrahim.hossain.sqa.Aliases" time="0.433" errors="0" timestamp="2024-05-01T13:33:53 EDT" skipped="0">
  <testcase classname="ebrahim.hossain.sqa.Aliases" name="aliasExample" time="0.433"/>
</testsuite> <!-- ebrahim.hossain.sqa.Aliases -->
