<?xml version="1.0" encoding="UTF-8"?>
<!-- Generated by org.testng.reporters.JUnitReportReporter -->
<testsuite hostname="DESKTOP-LQEM3VC" failures="0" tests="1" name="ebrahim.hossain.sqa.CreateTable" time="0.378" errors="0" timestamp="2024-04-26T22:14:04 EDT" skipped="0">
  <testcase classname="ebrahim.hossain.sqa.CreateTable" name="createTable" time="0.378"/>
</testsuite> <!-- ebrahim.hossain.sqa.CreateTable -->
