<?xml version="1.0" encoding="UTF-8"?>
<!-- Generated by org.testng.reporters.JUnitReportReporter -->
<testsuite hostname="DESKTOP-LQEM3VC" failures="0" tests="1" name="ebrahim.hossain.sqa.ORDERBY" time="0.329" errors="0" timestamp="2024-05-01T20:55:49 EDT" skipped="0">
  <testcase classname="ebrahim.hossain.sqa.ORDERBY" name="orderBy" time="0.329"/>
</testsuite> <!-- ebrahim.hossain.sqa.ORDERBY -->
