<?xml version="1.0" encoding="UTF-8"?>
<!-- Generated by org.testng.reporters.JUnitReportReporter -->
<testsuite hostname="DESKTOP-LQEM3VC" failures="0" tests="1" name="ebrahim.hossain.sqa.NOTOperator" time="0.331" errors="0" timestamp="2024-04-25T04:08:12 EDT" skipped="0">
  <testcase classname="ebrahim.hossain.sqa.NOTOperator" name="notOperator" time="0.331"/>
</testsuite> <!-- ebrahim.hossain.sqa.NOTOperator -->
