<?xml version="1.0" encoding="UTF-8"?>
<!-- Generated by org.testng.reporters.JUnitReportReporter -->
<testsuite hostname="DESKTOP-LQEM3VC" failures="0" tests="1" name="ebrahim.hossain.sqa.LIMIT" time="0.320" errors="0" timestamp="2024-05-07T23:24:46 EDT" skipped="0">
  <testcase classname="ebrahim.hossain.sqa.LIMIT" name="limit" time="0.320"/>
</testsuite> <!-- ebrahim.hossain.sqa.LIMIT -->
