<?xml version="1.0" encoding="UTF-8"?>
<!-- Generated by org.testng.reporters.JUnitReportReporter -->
<testsuite hostname="DESKTOP-LQEM3VC" failures="0" tests="1" name="ebrahim.hossain.sqa.LIKE_Operator" time="0.923" errors="0" timestamp="2024-04-25T22:55:10 EDT" skipped="0">
  <testcase classname="ebrahim.hossain.sqa.LIKE_Operator" name="likeExample2" time="0.923"/>
</testsuite> <!-- ebrahim.hossain.sqa.LIKE_Operator -->
