<?xml version="1.0" encoding="UTF-8"?>
<!-- Generated by org.testng.reporters.JUnitReportReporter -->
<testsuite hostname="DESKTOP-LQEM3VC" failures="0" tests="1" name="ebrahim.hossain.sqa.MIN_Function" time="0.318" errors="0" timestamp="2024-05-01T20:48:30 EDT" skipped="0">
  <testcase classname="ebrahim.hossain.sqa.MIN_Function" name="max" time="0.318"/>
</testsuite> <!-- ebrahim.hossain.sqa.MIN_Function -->
