<?xml version="1.0" encoding="UTF-8"?>
<!-- Generated by org.testng.reporters.JUnitReportReporter -->
<testsuite hostname="DESKTOP-LQEM3VC" failures="0" tests="1" name="ebrahim.hossain.sqa.SelectQuery" time="0.634" errors="0" timestamp="2024-04-24T21:14:18 EDT" skipped="0">
  <testcase classname="ebrahim.hossain.sqa.SelectQuery" name="fetchStudentInfo" time="0.634"/>
</testsuite> <!-- ebrahim.hossain.sqa.SelectQuery -->
