<?xml version="1.0" encoding="UTF-8"?>
<!-- Generated by org.testng.reporters.JUnitReportReporter -->
<testsuite hostname="DESKTOP-LQEM3VC" failures="0" tests="1" name="ebrahim.hossain.sqa.COUNT_Function" time="0.813" errors="0" timestamp="2024-05-14T23:21:40 EDT" skipped="0">
  <testcase classname="ebrahim.hossain.sqa.COUNT_Function" name="count" time="0.813"/>
</testsuite> <!-- ebrahim.hossain.sqa.COUNT_Function -->
