<?xml version="1.0" encoding="UTF-8"?>
<!-- Generated by org.testng.reporters.JUnitReportReporter -->
<testsuite hostname="DESKTOP-LQEM3VC" failures="0" tests="1" name="ebrahim.hossain.sqa.SelectDistinct" time="0.874" errors="0" timestamp="2024-04-24T21:25:38 EDT" skipped="0">
  <testcase classname="ebrahim.hossain.sqa.SelectDistinct" name="selectDistinct" time="0.874"/>
</testsuite> <!-- ebrahim.hossain.sqa.SelectDistinct -->
