<?xml version="1.0" encoding="UTF-8"?>
<!-- Generated by org.testng.reporters.JUnitReportReporter -->
<testsuite hostname="DESKTOP-LQEM3VC" failures="0" tests="1" name="ebrahim.hossain.sqa.ANDOperator" time="0.317" errors="0" timestamp="2024-04-25T03:15:15 EDT" skipped="0">
  <testcase classname="ebrahim.hossain.sqa.ANDOperator" name="andOperator" time="0.317"/>
</testsuite> <!-- ebrahim.hossain.sqa.ANDOperator -->
