<?xml version="1.0" encoding="UTF-8"?>
<!-- Generated by org.testng.reporters.JUnitReportReporter -->
<testsuite hostname="DESKTOP-LQEM3VC" failures="0" tests="1" name="ebrahim.hossain.sqa.CreateDatabase" time="0.789" errors="0" timestamp="2024-05-02T23:54:37 EDT" skipped="0">
  <testcase classname="ebrahim.hossain.sqa.CreateDatabase" name="createDatabase" time="0.789"/>
</testsuite> <!-- ebrahim.hossain.sqa.CreateDatabase -->
