<?xml version="1.0" encoding="UTF-8"?>
<!-- Generated by org.testng.reporters.JUnitReportReporter -->
<testsuite hostname="DESKTOP-LQEM3VC" failures="0" tests="1" name="ebrahim.hossain.sqa.NOT_Operator" time="0.374" errors="0" timestamp="2024-05-07T23:25:20 EDT" skipped="0">
  <testcase classname="ebrahim.hossain.sqa.NOT_Operator" name="notOperator" time="0.374"/>
</testsuite> <!-- ebrahim.hossain.sqa.NOT_Operator -->
