<?xml version="1.0" encoding="UTF-8"?>
<!-- Generated by org.testng.reporters.JUnitReportReporter -->
<testsuite hostname="DESKTOP-LQEM3VC" failures="0" tests="1" name="ebrahim.hossain.sqa.StudentCourseTable" time="0.708" errors="0" timestamp="2024-04-27T21:11:18 EDT" skipped="0">
  <testcase classname="ebrahim.hossain.sqa.StudentCourseTable" name="studentCourse" time="0.708"/>
</testsuite> <!-- ebrahim.hossain.sqa.StudentCourseTable -->
