<?xml version="1.0" encoding="UTF-8"?>
<!-- Generated by org.testng.reporters.JUnitReportReporter -->
<testsuite hostname="DESKTOP-LQEM3VC" failures="0" tests="1" name="ebrahim.hossain.sqa.OROperator" time="0.366" errors="0" timestamp="2024-04-25T03:48:41 EDT" skipped="0">
  <testcase classname="ebrahim.hossain.sqa.OROperator" name="orOperator" time="0.366"/>
</testsuite> <!-- ebrahim.hossain.sqa.OROperator -->
