<?xml version="1.0" encoding="UTF-8"?>
<!-- Generated by org.testng.reporters.JUnitReportReporter -->
<testsuite hostname="DESKTOP-LQEM3VC" failures="0" tests="1" name="ebrahim.hossain.sqa.InsertQuery" time="0.326" errors="0" timestamp="2024-05-07T23:24:58 EDT" skipped="0">
  <testcase classname="ebrahim.hossain.sqa.InsertQuery" name="insertStudentRecords" time="0.326"/>
</testsuite> <!-- ebrahim.hossain.sqa.InsertQuery -->
