<?xml version="1.0" encoding="UTF-8"?>
<!-- Generated by org.testng.reporters.JUnitReportReporter -->
<testsuite hostname="DESKTOP-LQEM3VC" failures="0" tests="1" name="ebrahim.hossain.sqa.UpdateQuery" time="0.382" errors="0" timestamp="2024-05-01T20:57:18 EDT" skipped="0">
  <testcase classname="ebrahim.hossain.sqa.UpdateQuery" name="update" time="0.382"/>
</testsuite> <!-- ebrahim.hossain.sqa.UpdateQuery -->
