<?xml version="1.0" encoding="UTF-8"?>
<!-- Generated by org.testng.reporters.JUnitReportReporter -->
<testsuite hostname="DESKTOP-LQEM3VC" failures="0" tests="1" name="ebrahim.hossain.sqa.NOT_Operator" time="0.574" errors="0" timestamp="2024-04-27T22:06:57 EDT" skipped="0">
  <testcase classname="ebrahim.hossain.sqa.NOT_Operator" name="notOperator" time="0.574"/>
</testsuite> <!-- ebrahim.hossain.sqa.NOT_Operator -->
