<?xml version="1.0" encoding="UTF-8"?>
<!-- Generated by org.testng.reporters.JUnitReportReporter -->
<testsuite hostname="DESKTOP-LQEM3VC" failures="0" tests="1" name="ebrahim.hossain.sqa.AND_Operator" time="0.321" errors="0" timestamp="2024-05-01T20:37:29 EDT" skipped="0">
  <testcase classname="ebrahim.hossain.sqa.AND_Operator" name="andOperator" time="0.321"/>
</testsuite> <!-- ebrahim.hossain.sqa.AND_Operator -->
