<?xml version="1.0" encoding="UTF-8"?>
<!-- Generated by org.testng.reporters.JUnitReportReporter -->
<testsuite hostname="DESKTOP-LQEM3VC" failures="0" tests="1" name="ebrahim.hossain.sqa.INNER_JOIN" time="0.406" errors="0" timestamp="2024-04-26T22:53:56 EDT" skipped="0">
  <testcase classname="ebrahim.hossain.sqa.INNER_JOIN" name="innerJoin" time="0.406"/>
</testsuite> <!-- ebrahim.hossain.sqa.INNER_JOIN -->
