<?xml version="1.0" encoding="UTF-8"?>
<!-- Generated by org.testng.reporters.JUnitReportReporter -->
<testsuite hostname="DESKTOP-LQEM3VC" failures="0" tests="1" name="ebrahim.hossain.sqa.SUM_Function" time="0.323" errors="0" timestamp="2024-04-25T09:49:41 EDT" skipped="0">
  <testcase classname="ebrahim.hossain.sqa.SUM_Function" name="sum" time="0.323"/>
</testsuite> <!-- ebrahim.hossain.sqa.SUM_Function -->
