<?xml version="1.0" encoding="UTF-8"?>
<!-- Generated by org.testng.reporters.JUnitReportReporter -->
<testsuite hostname="DESKTOP-LQEM3VC" failures="0" tests="1" name="ebrahim.hossain.sqa.AVG_Functions" time="0.316" errors="0" timestamp="2024-04-25T09:34:51 EDT" skipped="0">
  <testcase classname="ebrahim.hossain.sqa.AVG_Functions" name="avg" time="0.316"/>
</testsuite> <!-- ebrahim.hossain.sqa.AVG_Functions -->
