<?xml version="1.0" encoding="UTF-8"?>
<!-- Generated by org.testng.reporters.JUnitReportReporter -->
<testsuite hostname="DESKTOP-LQEM3VC" failures="0" tests="1" name="ebrahim.hossain.sqa.Aliases" time="0.482" errors="0" timestamp="2024-05-07T23:21:22 EDT" skipped="0">
  <testcase classname="ebrahim.hossain.sqa.Aliases" name="aliasExample" time="0.482"/>
</testsuite> <!-- ebrahim.hossain.sqa.Aliases -->
