<?xml version="1.0" encoding="UTF-8"?>
<!-- Generated by org.testng.reporters.JUnitReportReporter -->
<testsuite hostname="DESKTOP-LQEM3VC" failures="0" tests="1" name="ebrahim.hossain.sqa.Aliases" time="0.910" errors="0" timestamp="2024-05-14T23:17:51 EDT" skipped="0">
  <testcase classname="ebrahim.hossain.sqa.Aliases" name="aliasExample" time="0.910"/>
</testsuite> <!-- ebrahim.hossain.sqa.Aliases -->
