<?xml version="1.0" encoding="UTF-8"?>
<!-- Generated by org.testng.reporters.JUnitReportReporter -->
<testsuite hostname="DESKTOP-LQEM3VC" failures="0" tests="2" name="ebrahim.hossain.sqa.LIKE_Operator" time="0.758" errors="0" timestamp="2024-05-02T23:55:35 EDT" skipped="0">
  <testcase classname="ebrahim.hossain.sqa.LIKE_Operator" name="likeExample1" time="0.704"/>
  <testcase classname="ebrahim.hossain.sqa.LIKE_Operator" name="likeExample2" time="0.054"/>
</testsuite> <!-- ebrahim.hossain.sqa.LIKE_Operator -->
