<?xml version="1.0" encoding="UTF-8"?>
<!-- Generated by org.testng.reporters.JUnitReportReporter -->
<testsuite hostname="DESKTOP-LQEM3VC" failures="0" tests="1" name="ebrahim.hossain.sqa.CourseTable" time="0.297" errors="0" timestamp="2024-05-01T20:39:03 EDT" skipped="0">
  <testcase classname="ebrahim.hossain.sqa.CourseTable" name="course" time="0.297"/>
</testsuite> <!-- ebrahim.hossain.sqa.CourseTable -->
