<?xml version="1.0" encoding="UTF-8"?>
<!-- Generated by org.testng.reporters.JUnitReportReporter -->
<testsuite hostname="DESKTOP-LQEM3VC" failures="0" tests="1" name="ebrahim.hossain.sqa.BETWEEN_Operator" time="0.747" errors="0" timestamp="2024-05-02T23:53:57 EDT" skipped="0">
  <testcase classname="ebrahim.hossain.sqa.BETWEEN_Operator" name="betweenOperatorExample" time="0.747"/>
</testsuite> <!-- ebrahim.hossain.sqa.BETWEEN_Operator -->
