<?xml version="1.0" encoding="UTF-8"?>
<!-- Generated by org.testng.reporters.JUnitReportReporter -->
<testsuite hostname="DESKTOP-LQEM3VC" failures="0" tests="1" name="ebrahim.hossain.sqa.WhereClause" time="0.697" errors="0" timestamp="2024-04-27T22:10:32 EDT" skipped="0">
  <testcase classname="ebrahim.hossain.sqa.WhereClause" name="whereCondition" time="0.697"/>
</testsuite> <!-- ebrahim.hossain.sqa.WhereClause -->
