<?xml version="1.0" encoding="UTF-8"?>
<!-- Generated by org.testng.reporters.JUnitReportReporter -->
<testsuite hostname="DESKTOP-LQEM3VC" failures="0" tests="1" name="ebrahim.hossain.sqa.MIN_Functions" time="0.325" errors="0" timestamp="2024-04-25T07:53:38 EDT" skipped="0">
  <testcase classname="ebrahim.hossain.sqa.MIN_Functions" name="min" time="0.325"/>
</testsuite> <!-- ebrahim.hossain.sqa.MIN_Functions -->
