<?xml version="1.0" encoding="UTF-8"?>
<!-- Generated by org.testng.reporters.JUnitReportReporter -->
<testsuite hostname="DESKTOP-LQEM3VC" failures="0" tests="1" name="ebrahim.hossain.sqa.MIN_Functions" time="0.334" errors="0" timestamp="2024-04-25T08:05:07 EDT" skipped="0">
  <testcase classname="ebrahim.hossain.sqa.MIN_Functions" name="max" time="0.334"/>
</testsuite> <!-- ebrahim.hossain.sqa.MIN_Functions -->
