<?xml version="1.0" encoding="UTF-8"?>
<!-- Generated by org.testng.reporters.JUnitReportReporter -->
<testsuite hostname="DESKTOP-LQEM3VC" failures="0" tests="1" name="ebrahim.hossain.sqa.CourseTable" time="0.339" errors="0" timestamp="2024-04-26T22:14:23 EDT" skipped="0">
  <testcase classname="ebrahim.hossain.sqa.CourseTable" name="course" time="0.339"/>
</testsuite> <!-- ebrahim.hossain.sqa.CourseTable -->
