<?xml version="1.0" encoding="UTF-8"?>
<!-- Generated by org.testng.reporters.JUnitReportReporter -->
<testsuite hostname="DESKTOP-LQEM3VC" failures="0" tests="1" name="ebrahim.hossain.sqa.DeleteQuery" time="0.312" errors="0" timestamp="2024-05-01T20:39:37 EDT" skipped="0">
  <testcase classname="ebrahim.hossain.sqa.DeleteQuery" name="delete" time="0.312"/>
</testsuite> <!-- ebrahim.hossain.sqa.DeleteQuery -->
