<?xml version="1.0" encoding="UTF-8"?>
<!-- Generated by org.testng.reporters.JUnitReportReporter -->
<testsuite hostname="DESKTOP-LQEM3VC" failures="0" tests="2" name="ebrahim.hossain.sqa.LIKE_Operator" time="0.715" errors="0" timestamp="2024-05-14T23:22:33 EDT" skipped="0">
  <testcase classname="ebrahim.hossain.sqa.LIKE_Operator" name="likeExample1" time="0.671"/>
  <testcase classname="ebrahim.hossain.sqa.LIKE_Operator" name="likeExample2" time="0.044"/>
</testsuite> <!-- ebrahim.hossain.sqa.LIKE_Operator -->
