<?xml version="1.0" encoding="UTF-8"?>
<!-- Generated by org.testng.reporters.JUnitReportReporter -->
<testsuite hostname="DESKTOP-LQEM3VC" failures="0" tests="1" name="ebrahim.hossain.sqa.LIMIT" time="0.787" errors="0" timestamp="2024-05-02T23:55:49 EDT" skipped="0">
  <testcase classname="ebrahim.hossain.sqa.LIMIT" name="limit" time="0.787"/>
</testsuite> <!-- ebrahim.hossain.sqa.LIMIT -->
