<?xml version="1.0" encoding="UTF-8"?>
<!-- Generated by org.testng.reporters.JUnitReportReporter -->
<testsuite hostname="DESKTOP-LQEM3VC" failures="0" tests="1" name="ebrahim.hossain.sqa.Aliases" time="0.301" errors="0" timestamp="2024-04-26T07:51:54 EDT" skipped="0">
  <testcase classname="ebrahim.hossain.sqa.Aliases" name="aliasExample" time="0.301"/>
</testsuite> <!-- ebrahim.hossain.sqa.Aliases -->
