<?xml version="1.0" encoding="UTF-8"?>
<!-- Generated by org.testng.reporters.JUnitReportReporter -->
<testsuite hostname="DESKTOP-LQEM3VC" failures="0" tests="1" name="ebrahim.hossain.sqa.SUM_Function" time="0.690" errors="0" timestamp="2024-04-27T22:09:23 EDT" skipped="0">
  <testcase classname="ebrahim.hossain.sqa.SUM_Function" name="sum" time="0.690"/>
</testsuite> <!-- ebrahim.hossain.sqa.SUM_Function -->
