<?xml version="1.0" encoding="UTF-8"?>
<!-- Generated by org.testng.reporters.JUnitReportReporter -->
<testsuite hostname="DESKTOP-LQEM3VC" failures="0" tests="1" name="ebrahim.hossain.sqa.MAX_Function" time="0.760" errors="0" timestamp="2024-04-27T22:06:43 EDT" skipped="0">
  <testcase classname="ebrahim.hossain.sqa.MAX_Function" name="min" time="0.760"/>
</testsuite> <!-- ebrahim.hossain.sqa.MAX_Function -->
