<?xml version="1.0" encoding="UTF-8"?>
<!-- Generated by org.testng.reporters.JUnitReportReporter -->
<testsuite hostname="DESKTOP-LQEM3VC" failures="0" tests="1" name="ebrahim.hossain.sqa.AVG_Function" time="0.350" errors="0" timestamp="2024-05-01T13:35:12 EDT" skipped="0">
  <testcase classname="ebrahim.hossain.sqa.AVG_Function" name="avg" time="0.350"/>
</testsuite> <!-- ebrahim.hossain.sqa.AVG_Function -->
