<?xml version="1.0" encoding="UTF-8"?>
<!-- Generated by org.testng.reporters.JUnitReportReporter -->
<testsuite hostname="DESKTOP-LQEM3VC" failures="0" tests="1" name="ebrahim.hossain.sqa.COUNT_Function" time="0.331" errors="0" timestamp="2024-05-03T22:20:31 EDT" skipped="0">
  <testcase classname="ebrahim.hossain.sqa.COUNT_Function" name="count" time="0.331"/>
</testsuite> <!-- ebrahim.hossain.sqa.COUNT_Function -->
