<?xml version="1.0" encoding="UTF-8"?>
<!-- Generated by org.testng.reporters.JUnitReportReporter -->
<testsuite hostname="DESKTOP-LQEM3VC" failures="0" tests="1" name="ebrahim.hossain.sqa.ORDERBY" time="0.685" errors="0" timestamp="2024-04-27T22:07:53 EDT" skipped="0">
  <testcase classname="ebrahim.hossain.sqa.ORDERBY" name="orderBy" time="0.685"/>
</testsuite> <!-- ebrahim.hossain.sqa.ORDERBY -->
