<?xml version="1.0" encoding="UTF-8"?>
<!-- Generated by org.testng.reporters.JUnitReportReporter -->
<testsuite hostname="DESKTOP-LQEM3VC" failures="0" tests="1" name="ebrahim.hossain.sqa.CreateTable" time="0.333" errors="0" timestamp="2024-05-01T20:39:27 EDT" skipped="0">
  <testcase classname="ebrahim.hossain.sqa.CreateTable" name="createTable" time="0.333"/>
</testsuite> <!-- ebrahim.hossain.sqa.CreateTable -->
