<?xml version="1.0" encoding="UTF-8"?>
<!-- Generated by org.testng.reporters.JUnitReportReporter -->
<testsuite hostname="DESKTOP-LQEM3VC" failures="0" tests="1" name="ebrahim.hossain.sqa.InsertQuery" time="0.341" errors="0" timestamp="2024-05-03T22:21:47 EDT" skipped="0">
  <testcase classname="ebrahim.hossain.sqa.InsertQuery" name="insertStudentRecords" time="0.341"/>
</testsuite> <!-- ebrahim.hossain.sqa.InsertQuery -->
