<?xml version="1.0" encoding="UTF-8"?>
<!-- Generated by org.testng.reporters.JUnitReportReporter -->
<testsuite hostname="DESKTOP-LQEM3VC" failures="0" tests="1" name="ebrahim.hossain.sqa.AND_Operator" time="0.365" errors="0" timestamp="2024-05-07T23:22:08 EDT" skipped="0">
  <testcase classname="ebrahim.hossain.sqa.AND_Operator" name="andOperator" time="0.365"/>
</testsuite> <!-- ebrahim.hossain.sqa.AND_Operator -->
