<?xml version="1.0" encoding="UTF-8"?>
<!-- Generated by org.testng.reporters.JUnitReportReporter -->
<testsuite hostname="DESKTOP-LQEM3VC" failures="0" tests="1" name="ebrahim.hossain.sqa.CreateDatabase" time="0.335" errors="0" timestamp="2024-05-07T23:23:13 EDT" skipped="0">
  <testcase classname="ebrahim.hossain.sqa.CreateDatabase" name="createDatabase" time="0.335"/>
</testsuite> <!-- ebrahim.hossain.sqa.CreateDatabase -->
