<?xml version="1.0" encoding="UTF-8"?>
<!-- Generated by org.testng.reporters.JUnitReportReporter -->
<testsuite hostname="DESKTOP-LQEM3VC" failures="0" tests="1" name="ebrahim.hossain.sqa.SelectQuery" time="0.325" errors="0" timestamp="2024-05-01T20:56:41 EDT" skipped="0">
  <testcase classname="ebrahim.hossain.sqa.SelectQuery" name="fetchStudentInfo" time="0.325"/>
</testsuite> <!-- ebrahim.hossain.sqa.SelectQuery -->
