<?xml version="1.0" encoding="UTF-8"?>
<!-- Generated by org.testng.reporters.JUnitReportReporter -->
<testsuite hostname="DESKTOP-LQEM3VC" failures="0" tests="1" name="ebrahim.hossain.sqa.AND_Operator" time="0.768" errors="0" timestamp="2024-05-02T23:53:28 EDT" skipped="0">
  <testcase classname="ebrahim.hossain.sqa.AND_Operator" name="andOperator" time="0.768"/>
</testsuite> <!-- ebrahim.hossain.sqa.AND_Operator -->
