<?xml version="1.0" encoding="UTF-8"?>
<!-- Generated by org.testng.reporters.JUnitReportReporter -->
<testsuite hostname="DESKTOP-LQEM3VC" failures="0" tests="1" name="ebrahim.hossain.sqa.OR_Operator" time="0.332" errors="0" timestamp="2024-05-01T20:55:20 EDT" skipped="0">
  <testcase classname="ebrahim.hossain.sqa.OR_Operator" name="orOperator" time="0.332"/>
</testsuite> <!-- ebrahim.hossain.sqa.OR_Operator -->
